<?xml version="1.0" encoding="UTF-8"?>
<!-- Generated by org.testng.reporters.JUnitReportReporter -->
<testsuite hostname="DESKTOP-I60LKPI" failures="0" tests="2" name="test_ng.Groups_Script" time="0.016" errors="0" timestamp="2023-08-28T17:14:45 IST" skipped="0">
  <testcase classname="test_ng.Groups_Script" name="test2" time="0.004"/>
  <testcase classname="test_ng.Groups_Script" name="test1" time="0.012"/>
</testsuite> <!-- test_ng.Groups_Script -->
