<?xml version="1.0" encoding="UTF-8"?>
<!-- Generated by org.testng.reporters.JUnitReportReporter -->
<testsuite hostname="DESKTOP-I60LKPI" failures="0" tests="1" name="POM1.Runner" time="16.743" errors="0" timestamp="2023-08-24T15:52:08 IST" skipped="0">
  <testcase classname="POM1.Runner" name="click" time="16.743"/>
</testsuite> <!-- POM1.Runner -->
