<?xml version="1.0" encoding="UTF-8"?>
<!-- Generated by org.testng.reporters.JUnitReportReporter -->
<testsuite hostname="DESKTOP-I60LKPI" failures="0" tests="1" name="test_ng.AssertClass" time="12.465" errors="0" timestamp="2023-08-22T17:13:08 IST" skipped="0">
  <testcase classname="test_ng.AssertClass" name="test1" time="12.465"/>
</testsuite> <!-- test_ng.AssertClass -->
