<?xml version="1.0" encoding="UTF-8"?>
<!-- Generated by org.testng.reporters.JUnitReportReporter -->
<testsuite hostname="DESKTOP-I60LKPI" failures="0" tests="2" name="test_ng.Test_Ng" time="0.015" errors="0" timestamp="2023-08-22T15:29:54 IST" skipped="0">
  <testcase classname="test_ng.Test_Ng" name="data2" time="0.003">
    <system-out>
      <![CDATA[world]]>
    </system-out>
  </testcase> <!-- data2 -->
  <testcase classname="test_ng.Test_Ng" name="data1" time="0.012">
    <system-out>
      <![CDATA[hello]]>
    </system-out>
  </testcase> <!-- data1 -->
  <system-out>
    <![CDATA[hello
world]]>
  </system-out>
</testsuite> <!-- test_ng.Test_Ng -->
