<?xml version="1.0" encoding="UTF-8"?>
<!-- Generated by org.testng.reporters.JUnitReportReporter -->
<testsuite hostname="DESKTOP-I60LKPI" failures="0" tests="1" name="POM1.Pomrunner" time="14.217" errors="0" timestamp="2023-08-24T14:48:50 IST" skipped="0">
  <testcase classname="POM1.Pomrunner" name="click" time="14.217"/>
</testsuite> <!-- POM1.Pomrunner -->
