<?xml version="1.0" encoding="UTF-8"?>
<!-- Generated by org.testng.reporters.JUnitReportReporter -->
<testsuite hostname="DESKTOP-I60LKPI" failures="0" tests="1" name="runnerScript.Script3" time="21.686" errors="0" timestamp="2023-08-24T17:13:51 IST" skipped="0">
  <testcase classname="runnerScript.Script3" name="perform" time="21.686"/>
</testsuite> <!-- runnerScript.Script3 -->
